build/outputs/logs/manifest-merger-debug-report.txt
-- Merging decision tree log ---
manifest
ADDED from Lingqianguan\AndroidManifest.xml:2:1-728:12
INJECTED from Lingqianguan\AndroidManifest.xml:2:1-728:12
INJECTED from Lingqianguan\AndroidManifest.xml:2:1-728:12
MERGED from [pl.droidsonroids.gif:android-gif-drawable:1.2.7] AndroidManifest.xml:2:1-11:12
MERGED from [com.android.support:design:27.1.1] AndroidManifest.xml:17:1-22:12
MERGED from [com.android.support:appcompat-v7:27.1.1] AndroidManifest.xml:17:1-22:12
MERGED from [com.android.support:cardview-v7:27.1.1] AndroidManifest.xml:17:1-22:12
MERGED from [com.android.support:support-v4:27.1.1] AndroidManifest.xml:17:1-22:12
MERGED from [com.android.support:support-fragment:27.1.1] AndroidManifest.xml:17:1-22:12
MERGED from [com.android.support:animated-vector-drawable:27.1.1] AndroidManifest.xml:17:1-22:12
MERGED from [com.android.support:recyclerview-v7:27.1.1] AndroidManifest.xml:17:1-22:12
MERGED from [com.android.support:support-core-ui:27.1.1] AndroidManifest.xml:17:1-22:12
MERGED from [com.android.support:support-core-utils:27.1.1] AndroidManifest.xml:17:1-22:12
MERGED from [com.android.support:support-vector-drawable:27.1.1] AndroidManifest.xml:17:1-22:12
MERGED from [com.android.support:transition:27.1.1] AndroidManifest.xml:17:1-22:12
MERGED from [com.android.support:support-media-compat:27.1.1] AndroidManifest.xml:17:1-22:12
MERGED from [com.android.support:support-compat:27.1.1] AndroidManifest.xml:17:1-22:12
MERGED from [android.arch.lifecycle:livedata-core:1.1.0] AndroidManifest.xml:17:1-22:12
MERGED from [android.arch.lifecycle:viewmodel:1.1.0] AndroidManifest.xml:17:1-22:12
MERGED from [android.arch.lifecycle:runtime:1.1.0] AndroidManifest.xml:17:1-22:12
MERGED from [android.arch.core:runtime:1.1.0] AndroidManifest.xml:17:1-22:12
INJECTED from Lingqianguan\AndroidManifest.xml:2:1-728:12
INJECTED from Lingqianguan\AndroidManifest.xml:2:1-728:12
	package
		ADDED from Lingqianguan\AndroidManifest.xml:4:11-33
	android:versionName
		ADDED from Lingqianguan\AndroidManifest.xml:6:11-37
		INJECTED from Lingqianguan\AndroidManifest.xml
		INJECTED from Lingqianguan\AndroidManifest.xml
	xmlns:tools
		ADDED from Lingqianguan\AndroidManifest.xml:3:11-57
	xmlns:android
		ADDED from Lingqianguan\AndroidManifest.xml:2:11-69
	android:versionCode
		ADDED from Lingqianguan\AndroidManifest.xml:5:11-35
		INJECTED from Lingqianguan\AndroidManifest.xml
		INJECTED from Lingqianguan\AndroidManifest.xml
uses-sdk
ADDED from Lingqianguan\AndroidManifest.xml:8:5-10:40
MERGED from [pl.droidsonroids.gif:android-gif-drawable:1.2.7] AndroidManifest.xml:7:5-9:41
MERGED from [pl.droidsonroids.gif:android-gif-drawable:1.2.7] AndroidManifest.xml:7:5-9:41
MERGED from [com.android.support:design:27.1.1] AndroidManifest.xml:20:5-44
MERGED from [com.android.support:design:27.1.1] AndroidManifest.xml:20:5-44
MERGED from [com.android.support:appcompat-v7:27.1.1] AndroidManifest.xml:20:5-44
MERGED from [com.android.support:appcompat-v7:27.1.1] AndroidManifest.xml:20:5-44
MERGED from [com.android.support:cardview-v7:27.1.1] AndroidManifest.xml:20:5-44
MERGED from [com.android.support:cardview-v7:27.1.1] AndroidManifest.xml:20:5-44
MERGED from [com.android.support:support-v4:27.1.1] AndroidManifest.xml:20:5-44
MERGED from [com.android.support:support-v4:27.1.1] AndroidManifest.xml:20:5-44
MERGED from [com.android.support:support-fragment:27.1.1] AndroidManifest.xml:20:5-44
MERGED from [com.android.support:support-fragment:27.1.1] AndroidManifest.xml:20:5-44
MERGED from [com.android.support:animated-vector-drawable:27.1.1] AndroidManifest.xml:20:5-44
MERGED from [com.android.support:animated-vector-drawable:27.1.1] AndroidManifest.xml:20:5-44
MERGED from [com.android.support:recyclerview-v7:27.1.1] AndroidManifest.xml:20:5-44
MERGED from [com.android.support:recyclerview-v7:27.1.1] AndroidManifest.xml:20:5-44
MERGED from [com.android.support:support-core-ui:27.1.1] AndroidManifest.xml:20:5-44
MERGED from [com.android.support:support-core-ui:27.1.1] AndroidManifest.xml:20:5-44
MERGED from [com.android.support:support-core-utils:27.1.1] AndroidManifest.xml:20:5-44
MERGED from [com.android.support:support-core-utils:27.1.1] AndroidManifest.xml:20:5-44
MERGED from [com.android.support:support-vector-drawable:27.1.1] AndroidManifest.xml:20:5-44
MERGED from [com.android.support:support-vector-drawable:27.1.1] AndroidManifest.xml:20:5-44
MERGED from [com.android.support:transition:27.1.1] AndroidManifest.xml:20:5-44
MERGED from [com.android.support:transition:27.1.1] AndroidManifest.xml:20:5-44
MERGED from [com.android.support:support-media-compat:27.1.1] AndroidManifest.xml:20:5-44
MERGED from [com.android.support:support-media-compat:27.1.1] AndroidManifest.xml:20:5-44
MERGED from [com.android.support:support-compat:27.1.1] AndroidManifest.xml:20:5-44
MERGED from [com.android.support:support-compat:27.1.1] AndroidManifest.xml:20:5-44
MERGED from [android.arch.lifecycle:livedata-core:1.1.0] AndroidManifest.xml:20:5-44
MERGED from [android.arch.lifecycle:livedata-core:1.1.0] AndroidManifest.xml:20:5-44
MERGED from [android.arch.lifecycle:viewmodel:1.1.0] AndroidManifest.xml:20:5-44
MERGED from [android.arch.lifecycle:viewmodel:1.1.0] AndroidManifest.xml:20:5-44
MERGED from [android.arch.lifecycle:runtime:1.1.0] AndroidManifest.xml:20:5-44
MERGED from [android.arch.lifecycle:runtime:1.1.0] AndroidManifest.xml:20:5-44
MERGED from [android.arch.core:runtime:1.1.0] AndroidManifest.xml:20:5-44
MERGED from [android.arch.core:runtime:1.1.0] AndroidManifest.xml:20:5-44
	android:targetSdkVersion
		ADDED from Lingqianguan\AndroidManifest.xml:10:9-38
	android:minSdkVersion
		ADDED from Lingqianguan\AndroidManifest.xml:9:9-35
permission#com.wtjr.lqg.receiver_permission
ADDED from Lingqianguan\AndroidManifest.xml:17:5-66
	android:name
		ADDED from Lingqianguan\AndroidManifest.xml:17:17-64
permission#com.wtjr.lqg.permission.JPUSH_MESSAGE
ADDED from Lingqianguan\AndroidManifest.xml:19:5-21:46
	android:protectionLevel
		ADDED from Lingqianguan\AndroidManifest.xml:21:9-44
	android:name
		ADDED from Lingqianguan\AndroidManifest.xml:20:9-61
uses-permission#com.wtjr.lqg.receiver_permission
ADDED from Lingqianguan\AndroidManifest.xml:23:5-71
	android:name
		ADDED from Lingqianguan\AndroidManifest.xml:23:22-69
uses-permission#android.permission.ACCESS_WIFI_STATE
ADDED from Lingqianguan\AndroidManifest.xml:26:5-75
	android:name
		ADDED from Lingqianguan\AndroidManifest.xml:26:22-73
uses-permission#android.permission.ACCESS_NETWORK_STATE
ADDED from Lingqianguan\AndroidManifest.xml:28:5-78
	android:name
		ADDED from Lingqianguan\AndroidManifest.xml:28:22-76
uses-permission#android.permission.INTERNET
ADDED from Lingqianguan\AndroidManifest.xml:29:5-66
	android:name
		ADDED from Lingqianguan\AndroidManifest.xml:29:22-64
uses-permission#android.permission.GET_TASKS
ADDED from Lingqianguan\AndroidManifest.xml:30:5-67
	android:name
		ADDED from Lingqianguan\AndroidManifest.xml:30:22-65
uses-permission#android.permission.CAMERA
ADDED from Lingqianguan\AndroidManifest.xml:31:5-64
	android:name
		ADDED from Lingqianguan\AndroidManifest.xml:31:22-62
uses-permission#android.permission.WRITE_EXTERNAL_STORAGE
ADDED from Lingqianguan\AndroidManifest.xml:32:5-80
	android:name
		ADDED from Lingqianguan\AndroidManifest.xml:32:22-78
uses-permission#android.permission.MOUNT_UNMOUNT_FILESYSTEMS
ADDED from Lingqianguan\AndroidManifest.xml:33:5-83
	android:name
		ADDED from Lingqianguan\AndroidManifest.xml:33:22-81
uses-permission#android.permission.CALL_PHONE
ADDED from Lingqianguan\AndroidManifest.xml:35:5-68
	android:name
		ADDED from Lingqianguan\AndroidManifest.xml:35:22-66
uses-permission#android.permission.READ_SMS
ADDED from Lingqianguan\AndroidManifest.xml:37:5-66
	android:name
		ADDED from Lingqianguan\AndroidManifest.xml:37:22-64
uses-permission#android.permission.WRITE_SMS
ADDED from Lingqianguan\AndroidManifest.xml:38:5-67
	android:name
		ADDED from Lingqianguan\AndroidManifest.xml:38:22-65
uses-permission#android.permission.READ_PHONE_STATE
ADDED from Lingqianguan\AndroidManifest.xml:41:5-74
	android:name
		ADDED from Lingqianguan\AndroidManifest.xml:41:22-72
uses-permission#android.permission.READ_EXTERNAL_STORAGE
ADDED from Lingqianguan\AndroidManifest.xml:42:5-79
	android:name
		ADDED from Lingqianguan\AndroidManifest.xml:42:22-77
uses-permission#android.permission.READ_LOGS
ADDED from Lingqianguan\AndroidManifest.xml:43:5-67
	android:name
		ADDED from Lingqianguan\AndroidManifest.xml:43:22-65
uses-permission#android.permission.ACCESS_FINE_LOCATION
ADDED from Lingqianguan\AndroidManifest.xml:44:5-78
	android:name
		ADDED from Lingqianguan\AndroidManifest.xml:44:22-76
uses-permission#android.permission.ACCESS_COARSE_LOCATION
ADDED from Lingqianguan\AndroidManifest.xml:45:5-80
	android:name
		ADDED from Lingqianguan\AndroidManifest.xml:45:22-78
uses-permission#android.permission.SET_DEBUG_APP
ADDED from Lingqianguan\AndroidManifest.xml:46:5-71
	android:name
		ADDED from Lingqianguan\AndroidManifest.xml:46:22-69
uses-permission#android.permission.SYSTEM_ALERT_WINDOW
ADDED from Lingqianguan\AndroidManifest.xml:47:5-77
	android:name
		ADDED from Lingqianguan\AndroidManifest.xml:47:22-75
uses-permission#android.permission.GET_ACCOUNTS
ADDED from Lingqianguan\AndroidManifest.xml:48:5-70
	android:name
		ADDED from Lingqianguan\AndroidManifest.xml:48:22-68
uses-permission#android.permission.USE_CREDENTIALS
ADDED from Lingqianguan\AndroidManifest.xml:49:5-73
	android:name
		ADDED from Lingqianguan\AndroidManifest.xml:49:22-71
uses-permission#android.permission.MANAGE_ACCOUNTS
ADDED from Lingqianguan\AndroidManifest.xml:50:5-73
	android:name
		ADDED from Lingqianguan\AndroidManifest.xml:50:22-71
uses-permission#com.wtjr.lqg.permission.JPUSH_MESSAGE
ADDED from Lingqianguan\AndroidManifest.xml:53:5-76
	android:name
		ADDED from Lingqianguan\AndroidManifest.xml:53:22-74
uses-permission#android.permission.CHANGE_WIFI_STATE
ADDED from Lingqianguan\AndroidManifest.xml:54:5-75
	android:name
		ADDED from Lingqianguan\AndroidManifest.xml:54:22-73
uses-permission#android.permission.ACCESS_LOCATION_EXTRA_COMMANDS
ADDED from Lingqianguan\AndroidManifest.xml:55:5-88
	android:name
		ADDED from Lingqianguan\AndroidManifest.xml:55:22-86
uses-permission#android.permission.CHANGE_NETWORK_STATE
ADDED from Lingqianguan\AndroidManifest.xml:56:5-78
	android:name
		ADDED from Lingqianguan\AndroidManifest.xml:56:22-76
uses-permission#android.permission.RECEIVE_BOOT_COMPLETED
ADDED from Lingqianguan\AndroidManifest.xml:58:5-80
	android:name
		ADDED from Lingqianguan\AndroidManifest.xml:58:22-78
uses-permission#android.permission.RESTART_PACKAGES
ADDED from Lingqianguan\AndroidManifest.xml:59:5-74
	android:name
		ADDED from Lingqianguan\AndroidManifest.xml:59:22-72
uses-permission#android.permission.BROADCAST_STICKY
ADDED from Lingqianguan\AndroidManifest.xml:60:5-74
	android:name
		ADDED from Lingqianguan\AndroidManifest.xml:60:22-72
uses-permission#android.permission.WRITE_SETTINGS
ADDED from Lingqianguan\AndroidManifest.xml:61:5-72
	android:name
		ADDED from Lingqianguan\AndroidManifest.xml:61:22-70
uses-permission#android.permission.RECEIVE_USER_PRESENT
ADDED from Lingqianguan\AndroidManifest.xml:62:5-78
	android:name
		ADDED from Lingqianguan\AndroidManifest.xml:62:22-76
uses-permission#android.permission.KILL_BACKGROUND_PROCESSES
ADDED from Lingqianguan\AndroidManifest.xml:63:5-83
	android:name
		ADDED from Lingqianguan\AndroidManifest.xml:63:22-81
uses-permission#android.permission.VIBRATE
ADDED from Lingqianguan\AndroidManifest.xml:64:5-65
	android:name
		ADDED from Lingqianguan\AndroidManifest.xml:64:22-63
uses-permission#android.permission.BLUETOOTH
ADDED from Lingqianguan\AndroidManifest.xml:66:5-67
	android:name
		ADDED from Lingqianguan\AndroidManifest.xml:66:22-65
uses-permission#android.permission.BATTERY_STATS
ADDED from Lingqianguan\AndroidManifest.xml:67:5-71
	android:name
		ADDED from Lingqianguan\AndroidManifest.xml:67:22-69
uses-permission#android.permission.WAKE_LOCK
ADDED from Lingqianguan\AndroidManifest.xml:70:5-67
	android:name
		ADDED from Lingqianguan\AndroidManifest.xml:70:22-65
uses-permission#android.permission.REQUEST_INSTALL_PACKAGES
ADDED from Lingqianguan\AndroidManifest.xml:72:5-82
	android:name
		ADDED from Lingqianguan\AndroidManifest.xml:72:22-80
application
ADDED from Lingqianguan\AndroidManifest.xml:74:5-725:19
	android:label
		ADDED from Lingqianguan\AndroidManifest.xml:79:9-41
	android:hardwareAccelerated
		ADDED from Lingqianguan\AndroidManifest.xml:77:9-43
	android:icon
		ADDED from Lingqianguan\AndroidManifest.xml:78:9-45
	android:allowBackup
		ADDED from Lingqianguan\AndroidManifest.xml:76:9-36
	android:theme
		ADDED from Lingqianguan\AndroidManifest.xml:80:9-40
	tools:replace
		ADDED from Lingqianguan\AndroidManifest.xml:81:9-44
	android:name
		ADDED from Lingqianguan\AndroidManifest.xml:75:9-62
uses-library#android.test.runner
ADDED from Lingqianguan\AndroidManifest.xml:82:9-59
	android:name
		ADDED from Lingqianguan\AndroidManifest.xml:82:23-57
activity#com.umeng.qq.tencent.AuthActivity
ADDED from Lingqianguan\AndroidManifest.xml:86:9-100:20
	android:launchMode
		ADDED from Lingqianguan\AndroidManifest.xml:88:13-44
	android:noHistory
		ADDED from Lingqianguan\AndroidManifest.xml:89:13-37
	android:name
		ADDED from Lingqianguan\AndroidManifest.xml:87:13-61
intent-filter#action:name:android.intent.action.VIEW+category:name:android.intent.category.BROWSABLE+category:name:android.intent.category.DEFAULT+data:scheme:tencent1105163229
ADDED from Lingqianguan\AndroidManifest.xml:91:13-99:29
action#android.intent.action.VIEW
ADDED from Lingqianguan\AndroidManifest.xml:92:17-68
	android:name
		ADDED from Lingqianguan\AndroidManifest.xml:92:25-66
category#android.intent.category.DEFAULT
ADDED from Lingqianguan\AndroidManifest.xml:94:17-75
	android:name
		ADDED from Lingqianguan\AndroidManifest.xml:94:27-73
category#android.intent.category.BROWSABLE
ADDED from Lingqianguan\AndroidManifest.xml:95:17-77
	android:name
		ADDED from Lingqianguan\AndroidManifest.xml:95:27-75
data
ADDED from Lingqianguan\AndroidManifest.xml:98:17-59
	android:scheme
		ADDED from Lingqianguan\AndroidManifest.xml:98:23-57
activity#com.umeng.qq.tencent.AssistActivity
ADDED from Lingqianguan\AndroidManifest.xml:102:9-106:74
	android:screenOrientation
		ADDED from Lingqianguan\AndroidManifest.xml:105:13-49
	android:configChanges
		ADDED from Lingqianguan\AndroidManifest.xml:104:13-74
	android:theme
		ADDED from Lingqianguan\AndroidManifest.xml:106:13-72
	android:name
		ADDED from Lingqianguan\AndroidManifest.xml:103:13-63
receiver#com.wtjr.lqg.SobotReceiver.MySobotReceiver
ADDED from Lingqianguan\AndroidManifest.xml:109:9-115:20
	android:enabled
		ADDED from Lingqianguan\AndroidManifest.xml:111:13-35
	android:name
		ADDED from Lingqianguan\AndroidManifest.xml:110:13-70
intent-filter#action:name:com.sobot.chat.SobotReceiver
ADDED from Lingqianguan\AndroidManifest.xml:112:13-114:29
action#com.sobot.chat.SobotReceiver
ADDED from Lingqianguan\AndroidManifest.xml:113:17-70
	android:name
		ADDED from Lingqianguan\AndroidManifest.xml:113:25-68
activity#com.umeng.socialize.editorpage.ShareActivity
ADDED from Lingqianguan\AndroidManifest.xml:121:9-124:53
	android:excludeFromRecents
		ADDED from Lingqianguan\AndroidManifest.xml:123:13-46
	android:theme
		ADDED from Lingqianguan\AndroidManifest.xml:124:13-51
	android:name
		ADDED from Lingqianguan\AndroidManifest.xml:122:13-72
activity#com.umeng.socialize.media.WBShareCallBackActivity
ADDED from Lingqianguan\AndroidManifest.xml:127:9-133:20
	android:screenOrientation
		ADDED from Lingqianguan\AndroidManifest.xml:131:13-49
	android:exported
		ADDED from Lingqianguan\AndroidManifest.xml:130:13-37
	android:configChanges
		ADDED from Lingqianguan\AndroidManifest.xml:129:13-63
	android:theme
		ADDED from Lingqianguan\AndroidManifest.xml:132:13-72
	android:name
		ADDED from Lingqianguan\AndroidManifest.xml:128:13-77
activity#com.sina.weibo.sdk.share.WbShareTransActivity
ADDED from Lingqianguan\AndroidManifest.xml:135:9-144:20
	android:launchMode
		ADDED from Lingqianguan\AndroidManifest.xml:137:13-44
	android:theme
		ADDED from Lingqianguan\AndroidManifest.xml:138:13-83
	android:name
		ADDED from Lingqianguan\AndroidManifest.xml:136:13-73
intent-filter#action:name:com.sina.weibo.sdk.action.ACTION_SDK_REQ_ACTIVITY+category:name:android.intent.category.DEFAULT
ADDED from Lingqianguan\AndroidManifest.xml:139:13-142:29
action#com.sina.weibo.sdk.action.ACTION_SDK_REQ_ACTIVITY
ADDED from Lingqianguan\AndroidManifest.xml:140:17-91
	android:name
		ADDED from Lingqianguan\AndroidManifest.xml:140:25-89
activity#com.wtjr.lqg.wxapi.WXEntryActivity
ADDED from Lingqianguan\AndroidManifest.xml:146:9-151:74
	android:screenOrientation
		ADDED from Lingqianguan\AndroidManifest.xml:150:13-49
	android:exported
		ADDED from Lingqianguan\AndroidManifest.xml:149:13-36
	android:configChanges
		ADDED from Lingqianguan\AndroidManifest.xml:148:13-74
	android:theme
		ADDED from Lingqianguan\AndroidManifest.xml:151:13-72
	android:name
		ADDED from Lingqianguan\AndroidManifest.xml:147:13-50
meta-data#UMENG_APPKEY
ADDED from Lingqianguan\AndroidManifest.xml:155:9-157:66
	android:value
		ADDED from Lingqianguan\AndroidManifest.xml:157:13-53
	android:name
		ADDED from Lingqianguan\AndroidManifest.xml:156:13-40
meta-data#UMENG_CHANNEL
ADDED from Lingqianguan\AndroidManifest.xml:158:9-160:38
	android:value
		ADDED from Lingqianguan\AndroidManifest.xml:160:13-36
	android:name
		ADDED from Lingqianguan\AndroidManifest.xml:159:13-41
service#cn.jpush.android.service.PushService
ADDED from Lingqianguan\AndroidManifest.xml:170:9-180:19
	android:process
		ADDED from Lingqianguan\AndroidManifest.xml:173:13-36
	android:exported
		ADDED from Lingqianguan\AndroidManifest.xml:172:13-37
	android:name
		ADDED from Lingqianguan\AndroidManifest.xml:171:13-64
intent-filter#action:name:cn.jpush.android.intent.PUSH_TIME+action:name:cn.jpush.android.intent.PushService+action:name:cn.jpush.android.intent.REGISTER+action:name:cn.jpush.android.intent.REPORT
ADDED from Lingqianguan\AndroidManifest.xml:174:13-179:29
action#cn.jpush.android.intent.REGISTER
ADDED from Lingqianguan\AndroidManifest.xml:175:17-74
	android:name
		ADDED from Lingqianguan\AndroidManifest.xml:175:25-72
action#cn.jpush.android.intent.REPORT
ADDED from Lingqianguan\AndroidManifest.xml:176:17-72
	android:name
		ADDED from Lingqianguan\AndroidManifest.xml:176:25-70
action#cn.jpush.android.intent.PushService
ADDED from Lingqianguan\AndroidManifest.xml:177:17-77
	android:name
		ADDED from Lingqianguan\AndroidManifest.xml:177:25-75
action#cn.jpush.android.intent.PUSH_TIME
ADDED from Lingqianguan\AndroidManifest.xml:178:17-75
	android:name
		ADDED from Lingqianguan\AndroidManifest.xml:178:25-73
activity#cn.jpush.android.ui.PopWinActivity
ADDED from Lingqianguan\AndroidManifest.xml:183:9-192:20
	android:exported
		ADDED from Lingqianguan\AndroidManifest.xml:186:13-37
	android:configChanges
		ADDED from Lingqianguan\AndroidManifest.xml:185:13-63
	android:theme
		ADDED from Lingqianguan\AndroidManifest.xml:187:13-49
	android:name
		ADDED from Lingqianguan\AndroidManifest.xml:184:13-62
intent-filter#category:name:android.intent.category.DEFAULT+category:name:com.wtjr.lqg
ADDED from Lingqianguan\AndroidManifest.xml:188:13-191:29
category#com.wtjr.lqg
ADDED from Lingqianguan\AndroidManifest.xml:190:17-56
	android:name
		ADDED from Lingqianguan\AndroidManifest.xml:190:27-54
service#cn.jpush.android.service.DownloadService
ADDED from Lingqianguan\AndroidManifest.xml:194:9-198:19
	android:enabled
		ADDED from Lingqianguan\AndroidManifest.xml:196:13-35
	android:exported
		ADDED from Lingqianguan\AndroidManifest.xml:197:13-37
	android:name
		ADDED from Lingqianguan\AndroidManifest.xml:195:13-68
provider#cn.jpush.android.service.DataProvider
ADDED from Lingqianguan\AndroidManifest.xml:200:9-204:15
	android:authorities
		ADDED from Lingqianguan\AndroidManifest.xml:202:13-60
	android:exported
		ADDED from Lingqianguan\AndroidManifest.xml:203:13-37
	android:name
		ADDED from Lingqianguan\AndroidManifest.xml:201:13-65
service#cn.jpush.android.service.DaemonService
ADDED from Lingqianguan\AndroidManifest.xml:208:9-217:19
	android:enabled
		ADDED from Lingqianguan\AndroidManifest.xml:210:13-35
	android:exported
		ADDED from Lingqianguan\AndroidManifest.xml:211:13-36
	android:name
		ADDED from Lingqianguan\AndroidManifest.xml:209:13-66
intent-filter#action:name:cn.jpush.android.intent.DaemonService+category:name:com.wtjr.lqg
ADDED from Lingqianguan\AndroidManifest.xml:212:13-215:29
action#cn.jpush.android.intent.DaemonService
ADDED from Lingqianguan\AndroidManifest.xml:213:17-79
	android:name
		ADDED from Lingqianguan\AndroidManifest.xml:213:25-77
provider#cn.jpush.android.service.DownloadProvider
ADDED from Lingqianguan\AndroidManifest.xml:220:9-224:15
	android:authorities
		ADDED from Lingqianguan\AndroidManifest.xml:222:13-64
	android:exported
		ADDED from Lingqianguan\AndroidManifest.xml:223:13-36
	android:name
		ADDED from Lingqianguan\AndroidManifest.xml:221:13-69
receiver#cn.jpush.android.service.PushReceiver
ADDED from Lingqianguan\AndroidManifest.xml:226:9-245:20
	android:enabled
		ADDED from Lingqianguan\AndroidManifest.xml:228:13-35
	android:exported
		ADDED from Lingqianguan\AndroidManifest.xml:229:13-37
	android:name
		ADDED from Lingqianguan\AndroidManifest.xml:227:13-65
intent-filter#action:name:cn.jpush.android.intent.NOTIFICATION_RECEIVED_PROXY+category:name:com.wtjr.lqg
ADDED from Lingqianguan\AndroidManifest.xml:230:13-233:29
	android:priority
		ADDED from Lingqianguan\AndroidManifest.xml:230:28-51
action#cn.jpush.android.intent.NOTIFICATION_RECEIVED_PROXY
ADDED from Lingqianguan\AndroidManifest.xml:231:17-93
	android:name
		ADDED from Lingqianguan\AndroidManifest.xml:231:25-91
intent-filter#action:name:android.intent.action.USER_PRESENT+action:name:android.net.conn.CONNECTIVITY_CHANGE
ADDED from Lingqianguan\AndroidManifest.xml:234:13-237:29
action#android.intent.action.USER_PRESENT
ADDED from Lingqianguan\AndroidManifest.xml:235:17-76
	android:name
		ADDED from Lingqianguan\AndroidManifest.xml:235:25-74
action#android.net.conn.CONNECTIVITY_CHANGE
ADDED from Lingqianguan\AndroidManifest.xml:236:17-78
	android:name
		ADDED from Lingqianguan\AndroidManifest.xml:236:25-76
intent-filter#action:name:android.intent.action.PACKAGE_ADDED+action:name:android.intent.action.PACKAGE_REMOVED+data:scheme:package
ADDED from Lingqianguan\AndroidManifest.xml:239:13-244:29
action#android.intent.action.PACKAGE_ADDED
ADDED from Lingqianguan\AndroidManifest.xml:240:17-77
	android:name
		ADDED from Lingqianguan\AndroidManifest.xml:240:25-75
action#android.intent.action.PACKAGE_REMOVED
ADDED from Lingqianguan\AndroidManifest.xml:241:17-79
	android:name
		ADDED from Lingqianguan\AndroidManifest.xml:241:25-77
receiver#cn.jpush.android.service.AlarmReceiver
ADDED from Lingqianguan\AndroidManifest.xml:247:9-249:39
	android:exported
		ADDED from Lingqianguan\AndroidManifest.xml:249:13-37
	android:name
		ADDED from Lingqianguan\AndroidManifest.xml:248:13-66
activity#cn.jpush.android.ui.PushActivity
ADDED from Lingqianguan\AndroidManifest.xml:251:9-262:20
	android:exported
		ADDED from Lingqianguan\AndroidManifest.xml:254:13-37
	android:configChanges
		ADDED from Lingqianguan\AndroidManifest.xml:253:13-63
	android:theme
		ADDED from Lingqianguan\AndroidManifest.xml:255:13-60
	android:name
		ADDED from Lingqianguan\AndroidManifest.xml:252:13-60
intent-filter#action:name:cn.jpush.android.ui.PushActivity+category:name:android.intent.category.DEFAULT+category:name:com.wtjr.lqg
ADDED from Lingqianguan\AndroidManifest.xml:256:13-261:29
action#cn.jpush.android.ui.PushActivity
ADDED from Lingqianguan\AndroidManifest.xml:257:17-74
	android:name
		ADDED from Lingqianguan\AndroidManifest.xml:257:25-72
receiver#com.wtjr.lqg.jpushReceiver.MyJpushReceiver
ADDED from Lingqianguan\AndroidManifest.xml:265:9-283:20
	android:enabled
		ADDED from Lingqianguan\AndroidManifest.xml:267:13-35
	android:exported
		ADDED from Lingqianguan\AndroidManifest.xml:268:13-37
	android:name
		ADDED from Lingqianguan\AndroidManifest.xml:266:13-70
intent-filter#action:name:cn.jpush.android.intent.CONNECTION+action:name:cn.jpush.android.intent.MESSAGE_RECEIVED+action:name:cn.jpush.android.intent.NOTIFICATION_OPENED+action:name:cn.jpush.android.intent.NOTIFICATION_RECEIVED+action:name:cn.jpush.android.intent.REGISTRATION+category:name:com.wtjr.lqg
ADDED from Lingqianguan\AndroidManifest.xml:269:13-282:29
action#cn.jpush.android.intent.REGISTRATION
ADDED from Lingqianguan\AndroidManifest.xml:270:17-78
	android:name
		ADDED from Lingqianguan\AndroidManifest.xml:270:25-76
action#cn.jpush.android.intent.MESSAGE_RECEIVED
ADDED from Lingqianguan\AndroidManifest.xml:272:17-82
	android:name
		ADDED from Lingqianguan\AndroidManifest.xml:272:25-80
action#cn.jpush.android.intent.NOTIFICATION_RECEIVED
ADDED from Lingqianguan\AndroidManifest.xml:274:17-87
	android:name
		ADDED from Lingqianguan\AndroidManifest.xml:274:25-85
action#cn.jpush.android.intent.NOTIFICATION_OPENED
ADDED from Lingqianguan\AndroidManifest.xml:276:17-85
	android:name
		ADDED from Lingqianguan\AndroidManifest.xml:276:25-83
action#cn.jpush.android.intent.CONNECTION
ADDED from Lingqianguan\AndroidManifest.xml:278:17-76
	android:name
		ADDED from Lingqianguan\AndroidManifest.xml:278:25-74
meta-data#JPUSH_CHANNEL
ADDED from Lingqianguan\AndroidManifest.xml:290:9-292:48
	android:value
		ADDED from Lingqianguan\AndroidManifest.xml:292:13-46
	android:name
		ADDED from Lingqianguan\AndroidManifest.xml:291:13-41
meta-data#JPUSH_APPKEY
ADDED from Lingqianguan\AndroidManifest.xml:294:9-296:55
	android:value
		ADDED from Lingqianguan\AndroidManifest.xml:296:13-53
	android:name
		ADDED from Lingqianguan\AndroidManifest.xml:295:13-40
provider#android.support.v4.content.FileProvider
ADDED from Lingqianguan\AndroidManifest.xml:301:9-309:20
	android:grantUriPermissions
		ADDED from Lingqianguan\AndroidManifest.xml:305:13-47
	android:authorities
		ADDED from Lingqianguan\AndroidManifest.xml:303:13-60
	android:exported
		ADDED from Lingqianguan\AndroidManifest.xml:304:13-37
	android:name
		ADDED from Lingqianguan\AndroidManifest.xml:302:13-67
meta-data#android.support.FILE_PROVIDER_PATHS
ADDED from Lingqianguan\AndroidManifest.xml:306:13-308:53
	android:resource
		ADDED from Lingqianguan\AndroidManifest.xml:308:17-51
	android:name
		ADDED from Lingqianguan\AndroidManifest.xml:307:17-67
activity#com.wtjr.lqg.activities.LaunchActivity
ADDED from Lingqianguan\AndroidManifest.xml:312:9-322:20
	android:screenOrientation
		ADDED from Lingqianguan\AndroidManifest.xml:315:13-49
	android:label
		ADDED from Lingqianguan\AndroidManifest.xml:314:13-45
	android:theme
		ADDED from Lingqianguan\AndroidManifest.xml:316:13-49
	android:name
		ADDED from Lingqianguan\AndroidManifest.xml:313:13-66
intent-filter#action:name:android.intent.action.MAIN+category:name:android.intent.category.LAUNCHER
ADDED from Lingqianguan\AndroidManifest.xml:317:13-321:29
action#android.intent.action.MAIN
ADDED from Lingqianguan\AndroidManifest.xml:318:17-68
	android:name
		ADDED from Lingqianguan\AndroidManifest.xml:318:25-66
category#android.intent.category.LAUNCHER
ADDED from Lingqianguan\AndroidManifest.xml:320:17-76
	android:name
		ADDED from Lingqianguan\AndroidManifest.xml:320:27-74
activity#com.wtjr.lqg.MainActivity
ADDED from Lingqianguan\AndroidManifest.xml:325:9-329:52
	android:screenOrientation
		ADDED from Lingqianguan\AndroidManifest.xml:328:13-49
	android:launchMode
		ADDED from Lingqianguan\AndroidManifest.xml:327:13-44
	android:theme
		ADDED from Lingqianguan\AndroidManifest.xml:329:13-50
	android:name
		ADDED from Lingqianguan\AndroidManifest.xml:326:13-53
activity#com.wtjr.lqg.activities.TestActivity
ADDED from Lingqianguan\AndroidManifest.xml:332:9-335:51
	android:screenOrientation
		ADDED from Lingqianguan\AndroidManifest.xml:335:13-49
	android:exported
		ADDED from Lingqianguan\AndroidManifest.xml:334:13-37
	android:name
		ADDED from Lingqianguan\AndroidManifest.xml:333:13-64
activity#com.wtjr.lqg.activities.GuideActivity
ADDED from Lingqianguan\AndroidManifest.xml:337:9-340:51
	android:screenOrientation
		ADDED from Lingqianguan\AndroidManifest.xml:340:13-49
	android:exported
		ADDED from Lingqianguan\AndroidManifest.xml:339:13-37
	android:name
		ADDED from Lingqianguan\AndroidManifest.xml:338:13-65
activity#com.wtjr.lqg.activities.GuidePageActivity
ADDED from Lingqianguan\AndroidManifest.xml:342:9-345:51
	android:screenOrientation
		ADDED from Lingqianguan\AndroidManifest.xml:345:13-49
	android:exported
		ADDED from Lingqianguan\AndroidManifest.xml:344:13-37
	android:name
		ADDED from Lingqianguan\AndroidManifest.xml:343:13-57
activity#com.wtjr.lqg.activities.AvailableBalanceActivity
ADDED from Lingqianguan\AndroidManifest.xml:347:9-350:51
	android:screenOrientation
		ADDED from Lingqianguan\AndroidManifest.xml:350:13-49
	android:exported
		ADDED from Lingqianguan\AndroidManifest.xml:349:13-37
	android:name
		ADDED from Lingqianguan\AndroidManifest.xml:348:13-76
activity#com.wtjr.lqg.activities.EarningsDetailsActivity
ADDED from Lingqianguan\AndroidManifest.xml:352:9-355:51
	android:screenOrientation
		ADDED from Lingqianguan\AndroidManifest.xml:355:13-49
	android:exported
		ADDED from Lingqianguan\AndroidManifest.xml:354:13-37
	android:name
		ADDED from Lingqianguan\AndroidManifest.xml:353:13-75
activity#com.wtjr.lqg.activities.TyjDetailsActivity1
ADDED from Lingqianguan\AndroidManifest.xml:357:9-360:51
	android:screenOrientation
		ADDED from Lingqianguan\AndroidManifest.xml:360:13-49
	android:exported
		ADDED from Lingqianguan\AndroidManifest.xml:359:13-37
	android:name
		ADDED from Lingqianguan\AndroidManifest.xml:358:13-71
activity#com.wtjr.lqg.activities.HaveAcountsLoginActivity
ADDED from Lingqianguan\AndroidManifest.xml:362:9-366:51
	android:screenOrientation